<?xml version="1.0" encoding="UTF-8"?>
<!-- Generated by org.testng.reporters.JUnitReportReporter -->
<testsuite skipped="0" hostname="DESKTOP-K0GDO23" name="com.demo.testcase.AllureUserCase" tests="1" failures="0" timestamp="09 十月 2023 06:36:38 GMT" time="0.601" errors="0">
  <testcase name="T1_Login" time="0.601" classname="com.demo.testcase.AllureUserCase"/>
</testsuite> <!-- com.demo.testcase.AllureUserCase -->
